Acquiring state lock. This may take a few moments...
[0m[1mmodule.common_infrastructure.random_id.random_id: Refreshing state... [id=zDx_KA][0m
[0m[1mmodule.output_files.local_file.tfbackend: Refreshing state... [id=17751603fc76b60293325a2f7080cfb883ca8bd3][0m
[0m[1mmodule.common_infrastructure.null_resource.IMDS: Refreshing state... [id=4655033750829350533][0m
[0m[1mmodule.common_infrastructure.random_id.sapsystem: Refreshing state... [id=Z4yiBA][0m
[0m[1mmodule.common_infrastructure.azurerm_resource_group.resource_group[0]: Refreshing state... [id=/subscriptions/8d8422a3-a9c1-4fe9-b880-adcf61557c71/resourceGroups/PROTO-NOEU-SAPPROT-DEF][0m
[0m[1mmodule.common_infrastructure.azurerm_key_vault.sid_kv_prvt[0]: Refreshing state... [id=/subscriptions/8d8422a3-a9c1-4fe9-b880-adcf61557c71/resourceGroups/PROTO-NOEU-SAPPROT-DEF/providers/Microsoft.KeyVault/vaults/PROTONOEUSAPPROTDEFpCC3][0m
[0m[1mmodule.common_infrastructure.azurerm_proximity_placement_group.ppg[0]: Refreshing state... [id=/subscriptions/8d8422a3-a9c1-4fe9-b880-adcf61557c71/resourceGroups/PROTO-NOEU-SAPPROT-DEF/providers/Microsoft.Compute/proximityPlacementGroups/PROTO-NOEU-SAPPROT-DEF-ppg][0m
[0m[1mmodule.common_infrastructure.azurerm_key_vault.sid_kv_user[0]: Refreshing state... [id=/subscriptions/8d8422a3-a9c1-4fe9-b880-adcf61557c71/resourceGroups/PROTO-NOEU-SAPPROT-DEF/providers/Microsoft.KeyVault/vaults/PROTONOEUSAPPROTDEFuCC3][0m
[0m[1mmodule.app_tier.azurerm_network_interface.scs[1]: Refreshing state... [id=/subscriptions/8d8422a3-a9c1-4fe9-b880-adcf61557c71/resourceGroups/PROTO-NOEU-SAPPROT-DEF/providers/Microsoft.Network/networkInterfaces/PROTO-NOEU-SAPPROT-DEF_defscs01lcc3-nic][0m
[0m[1mmodule.app_tier.azurerm_network_interface.scs[0]: Refreshing state... [id=/subscriptions/8d8422a3-a9c1-4fe9-b880-adcf61557c71/resourceGroups/PROTO-NOEU-SAPPROT-DEF/providers/Microsoft.Network/networkInterfaces/PROTO-NOEU-SAPPROT-DEF_defscs00lcc3-nic][0m
[0m[1mmodule.app_tier.azurerm_network_interface.app[0]: Refreshing state... [id=/subscriptions/8d8422a3-a9c1-4fe9-b880-adcf61557c71/resourceGroups/PROTO-NOEU-SAPPROT-DEF/providers/Microsoft.Network/networkInterfaces/PROTO-NOEU-SAPPROT-DEF_defapp00lcc3-nic][0m
[0m[1mmodule.app_tier.azurerm_lb.scs[0]: Refreshing state... [id=/subscriptions/8d8422a3-a9c1-4fe9-b880-adcf61557c71/resourceGroups/PROTO-NOEU-SAPPROT-DEF/providers/Microsoft.Network/loadBalancers/PROTO-NOEU-SAPPROT-DEF_scs-alb][0m
[0m[1mmodule.app_tier.azurerm_lb.web[0]: Refreshing state... [id=/subscriptions/8d8422a3-a9c1-4fe9-b880-adcf61557c71/resourceGroups/PROTO-NOEU-SAPPROT-DEF/providers/Microsoft.Network/loadBalancers/PROTO-NOEU-SAPPROT-DEF_web-alb][0m
[0m[1mmodule.app_tier.azurerm_network_interface.web[0]: Refreshing state... [id=/subscriptions/8d8422a3-a9c1-4fe9-b880-adcf61557c71/resourceGroups/PROTO-NOEU-SAPPROT-DEF/providers/Microsoft.Network/networkInterfaces/PROTO-NOEU-SAPPROT-DEF_defweb00lcc3-nic][0m
[0m[1mmodule.hdb_node.azurerm_availability_set.hdb[0]: Refreshing state... [id=/subscriptions/8d8422a3-a9c1-4fe9-b880-adcf61557c71/resourceGroups/PROTO-NOEU-SAPPROT-DEF/providers/Microsoft.Compute/availabilitySets/PROTO-NOEU-SAPPROT-DEF_db-avset][0m
[0m[1mmodule.app_tier.azurerm_availability_set.app[0]: Refreshing state... [id=/subscriptions/8d8422a3-a9c1-4fe9-b880-adcf61557c71/resourceGroups/PROTO-NOEU-SAPPROT-DEF/providers/Microsoft.Compute/availabilitySets/PROTO-NOEU-SAPPROT-DEF_app-avset][0m
[0m[1mmodule.app_tier.azurerm_availability_set.scs[0]: Refreshing state... [id=/subscriptions/8d8422a3-a9c1-4fe9-b880-adcf61557c71/resourceGroups/PROTO-NOEU-SAPPROT-DEF/providers/Microsoft.Compute/availabilitySets/PROTO-NOEU-SAPPROT-DEF_scs-avset][0m
[0m[1mmodule.app_tier.azurerm_availability_set.web[0]: Refreshing state... [id=/subscriptions/8d8422a3-a9c1-4fe9-b880-adcf61557c71/resourceGroups/PROTO-NOEU-SAPPROT-DEF/providers/Microsoft.Compute/availabilitySets/PROTO-NOEU-SAPPROT-DEF_web-avset][0m
[0m[1mmodule.app_tier.azurerm_lb_probe.scs[0]: Refreshing state... [id=/subscriptions/8d8422a3-a9c1-4fe9-b880-adcf61557c71/resourceGroups/PROTO-NOEU-SAPPROT-DEF/providers/Microsoft.Network/loadBalancers/PROTO-NOEU-SAPPROT-DEF_scs-alb/probes/PROTO-NOEU-SAPPROT-DEF_scsAlb-hp][0m
[0m[1mmodule.app_tier.azurerm_lb_probe.scs[1]: Refreshing state... [id=/subscriptions/8d8422a3-a9c1-4fe9-b880-adcf61557c71/resourceGroups/PROTO-NOEU-SAPPROT-DEF/providers/Microsoft.Network/loadBalancers/PROTO-NOEU-SAPPROT-DEF_scs-alb/probes/PROTO-NOEU-SAPPROT-DEF_scsErs-hp][0m
[0m[1mmodule.app_tier.azurerm_lb_backend_address_pool.scs[0]: Refreshing state... [id=/subscriptions/8d8422a3-a9c1-4fe9-b880-adcf61557c71/resourceGroups/PROTO-NOEU-SAPPROT-DEF/providers/Microsoft.Network/loadBalancers/PROTO-NOEU-SAPPROT-DEF_scs-alb/backendAddressPools/PROTO-NOEU-SAPPROT-DEF_scsAlb-bePool][0m
[0m[1mmodule.app_tier.azurerm_lb_backend_address_pool.web[0]: Refreshing state... [id=/subscriptions/8d8422a3-a9c1-4fe9-b880-adcf61557c71/resourceGroups/PROTO-NOEU-SAPPROT-DEF/providers/Microsoft.Network/loadBalancers/PROTO-NOEU-SAPPROT-DEF_web-alb/backendAddressPools/PROTO-NOEU-SAPPROT-DEF_webAlb-bePool][0m
[0m[1mmodule.hdb_node.azurerm_lb.hdb[0]: Refreshing state... [id=/subscriptions/8d8422a3-a9c1-4fe9-b880-adcf61557c71/resourceGroups/PROTO-NOEU-SAPPROT-DEF/providers/Microsoft.Network/loadBalancers/PROTO-NOEU-SAPPROT-DEF_db-alb][0m
[0m[1mmodule.hdb_node.azurerm_network_interface.nics_dbnodes_db[1]: Refreshing state... [id=/subscriptions/8d8422a3-a9c1-4fe9-b880-adcf61557c71/resourceGroups/PROTO-NOEU-SAPPROT-DEF/providers/Microsoft.Network/networkInterfaces/PROTO-NOEU-SAPPROT-DEF_defdhdb01l0cc3-db-nic][0m
[0m[1mmodule.hdb_node.azurerm_network_interface.nics_dbnodes_db[0]: Refreshing state... [id=/subscriptions/8d8422a3-a9c1-4fe9-b880-adcf61557c71/resourceGroups/PROTO-NOEU-SAPPROT-DEF/providers/Microsoft.Network/networkInterfaces/PROTO-NOEU-SAPPROT-DEF_defdhdb00l0cc3-db-nic][0m
[0m[1mmodule.hdb_node.azurerm_network_interface.nics_dbnodes_admin[0]: Refreshing state... [id=/subscriptions/8d8422a3-a9c1-4fe9-b880-adcf61557c71/resourceGroups/PROTO-NOEU-SAPPROT-DEF/providers/Microsoft.Network/networkInterfaces/PROTO-NOEU-SAPPROT-DEF_defdhdb00l0cc3-admin-nic][0m
[0m[1mmodule.hdb_node.azurerm_network_interface.nics_dbnodes_admin[1]: Refreshing state... [id=/subscriptions/8d8422a3-a9c1-4fe9-b880-adcf61557c71/resourceGroups/PROTO-NOEU-SAPPROT-DEF/providers/Microsoft.Network/networkInterfaces/PROTO-NOEU-SAPPROT-DEF_defdhdb01l0cc3-admin-nic][0m
[0m[1mmodule.app_tier.azurerm_lb_rule.scs[6]: Refreshing state... [id=/subscriptions/8d8422a3-a9c1-4fe9-b880-adcf61557c71/resourceGroups/PROTO-NOEU-SAPPROT-DEF/providers/Microsoft.Network/loadBalancers/PROTO-NOEU-SAPPROT-DEF_scs-alb/loadBalancingRules/PROTO-NOEU-SAPPROT-DEF_scsScs-rule_50116-06][0m
[0m[1mmodule.app_tier.azurerm_lb_rule.scs[0]: Refreshing state... [id=/subscriptions/8d8422a3-a9c1-4fe9-b880-adcf61557c71/resourceGroups/PROTO-NOEU-SAPPROT-DEF/providers/Microsoft.Network/loadBalancers/PROTO-NOEU-SAPPROT-DEF_scs-alb/loadBalancingRules/PROTO-NOEU-SAPPROT-DEF_scsScs-rule_03201-00][0m
[0m[1mmodule.app_tier.azurerm_lb_rule.scs[4]: Refreshing state... [id=/subscriptions/8d8422a3-a9c1-4fe9-b880-adcf61557c71/resourceGroups/PROTO-NOEU-SAPPROT-DEF/providers/Microsoft.Network/loadBalancers/PROTO-NOEU-SAPPROT-DEF_scs-alb/loadBalancingRules/PROTO-NOEU-SAPPROT-DEF_scsScs-rule_50113-04][0m
[0m[1mmodule.app_tier.azurerm_lb_rule.scs[1]: Refreshing state... [id=/subscriptions/8d8422a3-a9c1-4fe9-b880-adcf61557c71/resourceGroups/PROTO-NOEU-SAPPROT-DEF/providers/Microsoft.Network/loadBalancers/PROTO-NOEU-SAPPROT-DEF_scs-alb/loadBalancingRules/PROTO-NOEU-SAPPROT-DEF_scsScs-rule_03601-01][0m
[0m[1mmodule.app_tier.azurerm_lb_rule.scs[2]: Refreshing state... [id=/subscriptions/8d8422a3-a9c1-4fe9-b880-adcf61557c71/resourceGroups/PROTO-NOEU-SAPPROT-DEF/providers/Microsoft.Network/loadBalancers/PROTO-NOEU-SAPPROT-DEF_scs-alb/loadBalancingRules/PROTO-NOEU-SAPPROT-DEF_scsScs-rule_03901-02][0m
[0m[1mmodule.app_tier.azurerm_lb_rule.scs[3]: Refreshing state... [id=/subscriptions/8d8422a3-a9c1-4fe9-b880-adcf61557c71/resourceGroups/PROTO-NOEU-SAPPROT-DEF/providers/Microsoft.Network/loadBalancers/PROTO-NOEU-SAPPROT-DEF_scs-alb/loadBalancingRules/PROTO-NOEU-SAPPROT-DEF_scsScs-rule_08101-03][0m
[0m[1mmodule.app_tier.azurerm_lb_rule.scs[5]: Refreshing state... [id=/subscriptions/8d8422a3-a9c1-4fe9-b880-adcf61557c71/resourceGroups/PROTO-NOEU-SAPPROT-DEF/providers/Microsoft.Network/loadBalancers/PROTO-NOEU-SAPPROT-DEF_scs-alb/loadBalancingRules/PROTO-NOEU-SAPPROT-DEF_scsScs-rule_50114-05][0m
[0m[1mmodule.app_tier.azurerm_network_interface_backend_address_pool_association.scs[1]: Refreshing state... [id=/subscriptions/8d8422a3-a9c1-4fe9-b880-adcf61557c71/resourceGroups/PROTO-NOEU-SAPPROT-DEF/providers/Microsoft.Network/networkInterfaces/PROTO-NOEU-SAPPROT-DEF_defscs01lcc3-nic/ipConfigurations/IPConfig1|/subscriptions/8d8422a3-a9c1-4fe9-b880-adcf61557c71/resourceGroups/PROTO-NOEU-SAPPROT-DEF/providers/Microsoft.Network/loadBalancers/PROTO-NOEU-SAPPROT-DEF_scs-alb/backendAddressPools/PROTO-NOEU-SAPPROT-DEF_scsAlb-bePool][0m
[0m[1mmodule.app_tier.azurerm_network_interface_backend_address_pool_association.scs[0]: Refreshing state... [id=/subscriptions/8d8422a3-a9c1-4fe9-b880-adcf61557c71/resourceGroups/PROTO-NOEU-SAPPROT-DEF/providers/Microsoft.Network/networkInterfaces/PROTO-NOEU-SAPPROT-DEF_defscs00lcc3-nic/ipConfigurations/IPConfig1|/subscriptions/8d8422a3-a9c1-4fe9-b880-adcf61557c71/resourceGroups/PROTO-NOEU-SAPPROT-DEF/providers/Microsoft.Network/loadBalancers/PROTO-NOEU-SAPPROT-DEF_scs-alb/backendAddressPools/PROTO-NOEU-SAPPROT-DEF_scsAlb-bePool][0m
[0m[1mmodule.app_tier.azurerm_lb_rule.ers[3]: Refreshing state... [id=/subscriptions/8d8422a3-a9c1-4fe9-b880-adcf61557c71/resourceGroups/PROTO-NOEU-SAPPROT-DEF/providers/Microsoft.Network/loadBalancers/PROTO-NOEU-SAPPROT-DEF_scs-alb/loadBalancingRules/PROTO-NOEU-SAPPROT-DEF_scsErs-rule_50214-03][0m
[0m[1mmodule.app_tier.azurerm_lb_rule.ers[4]: Refreshing state... [id=/subscriptions/8d8422a3-a9c1-4fe9-b880-adcf61557c71/resourceGroups/PROTO-NOEU-SAPPROT-DEF/providers/Microsoft.Network/loadBalancers/PROTO-NOEU-SAPPROT-DEF_scs-alb/loadBalancingRules/PROTO-NOEU-SAPPROT-DEF_scsErs-rule_50216-04][0m
[0m[1mmodule.app_tier.azurerm_lb_rule.ers[0]: Refreshing state... [id=/subscriptions/8d8422a3-a9c1-4fe9-b880-adcf61557c71/resourceGroups/PROTO-NOEU-SAPPROT-DEF/providers/Microsoft.Network/loadBalancers/PROTO-NOEU-SAPPROT-DEF_scs-alb/loadBalancingRules/PROTO-NOEU-SAPPROT-DEF_scsErs-rule_03202-00][0m
[0m[1mmodule.app_tier.azurerm_lb_rule.ers[1]: Refreshing state... [id=/subscriptions/8d8422a3-a9c1-4fe9-b880-adcf61557c71/resourceGroups/PROTO-NOEU-SAPPROT-DEF/providers/Microsoft.Network/loadBalancers/PROTO-NOEU-SAPPROT-DEF_scs-alb/loadBalancingRules/PROTO-NOEU-SAPPROT-DEF_scsErs-rule_03302-01][0m
[0m[1mmodule.app_tier.azurerm_lb_rule.ers[2]: Refreshing state... [id=/subscriptions/8d8422a3-a9c1-4fe9-b880-adcf61557c71/resourceGroups/PROTO-NOEU-SAPPROT-DEF/providers/Microsoft.Network/loadBalancers/PROTO-NOEU-SAPPROT-DEF_scs-alb/loadBalancingRules/PROTO-NOEU-SAPPROT-DEF_scsErs-rule_50213-02][0m
[0m[1mmodule.app_tier.azurerm_lb_rule.web[1]: Refreshing state... [id=/subscriptions/8d8422a3-a9c1-4fe9-b880-adcf61557c71/resourceGroups/PROTO-NOEU-SAPPROT-DEF/providers/Microsoft.Network/loadBalancers/PROTO-NOEU-SAPPROT-DEF_web-alb/loadBalancingRules/PROTO-NOEU-SAPPROT-DEF_webAlb-inRule03200-01][0m
[0m[1mmodule.app_tier.azurerm_lb_rule.web[0]: Refreshing state... [id=/subscriptions/8d8422a3-a9c1-4fe9-b880-adcf61557c71/resourceGroups/PROTO-NOEU-SAPPROT-DEF/providers/Microsoft.Network/loadBalancers/PROTO-NOEU-SAPPROT-DEF_web-alb/loadBalancingRules/PROTO-NOEU-SAPPROT-DEF_webAlb-inRule00080-00][0m
[0m[1mmodule.app_tier.azurerm_network_interface_backend_address_pool_association.web[0]: Refreshing state... [id=/subscriptions/8d8422a3-a9c1-4fe9-b880-adcf61557c71/resourceGroups/PROTO-NOEU-SAPPROT-DEF/providers/Microsoft.Network/networkInterfaces/PROTO-NOEU-SAPPROT-DEF_defweb00lcc3-nic/ipConfigurations/IPConfig1|/subscriptions/8d8422a3-a9c1-4fe9-b880-adcf61557c71/resourceGroups/PROTO-NOEU-SAPPROT-DEF/providers/Microsoft.Network/loadBalancers/PROTO-NOEU-SAPPROT-DEF_web-alb/backendAddressPools/PROTO-NOEU-SAPPROT-DEF_webAlb-bePool][0m
[0m[1mmodule.hdb_node.azurerm_lb_backend_address_pool.hdb[0]: Refreshing state... [id=/subscriptions/8d8422a3-a9c1-4fe9-b880-adcf61557c71/resourceGroups/PROTO-NOEU-SAPPROT-DEF/providers/Microsoft.Network/loadBalancers/PROTO-NOEU-SAPPROT-DEF_db-alb/backendAddressPools/PROTO-NOEU-SAPPROT-DEF_dbAlb-bePool][0m
[0m[1mmodule.hdb_node.azurerm_lb_probe.hdb[0]: Refreshing state... [id=/subscriptions/8d8422a3-a9c1-4fe9-b880-adcf61557c71/resourceGroups/PROTO-NOEU-SAPPROT-DEF/providers/Microsoft.Network/loadBalancers/PROTO-NOEU-SAPPROT-DEF_db-alb/probes/PROTO-NOEU-SAPPROT-DEF_dbAlb-hp][0m
[0m[1mmodule.hdb_node.azurerm_linux_virtual_machine.vm_dbnode[0]: Refreshing state... [id=/subscriptions/8d8422a3-a9c1-4fe9-b880-adcf61557c71/resourceGroups/PROTO-NOEU-SAPPROT-DEF/providers/Microsoft.Compute/virtualMachines/PROTO-NOEU-SAPPROT-DEF_defdhdb00l0cc3][0m
[0m[1mmodule.hdb_node.azurerm_linux_virtual_machine.vm_dbnode[1]: Refreshing state... [id=/subscriptions/8d8422a3-a9c1-4fe9-b880-adcf61557c71/resourceGroups/PROTO-NOEU-SAPPROT-DEF/providers/Microsoft.Compute/virtualMachines/PROTO-NOEU-SAPPROT-DEF_defdhdb01l0cc3][0m
[0m[1mmodule.output_files.local_file.ansible_inventory_yml: Refreshing state... [id=022030cad84ce87629c461a2a3b46b01054ca688][0m
[0m[1mmodule.hdb_node.azurerm_network_interface_backend_address_pool_association.hdb[0]: Refreshing state... [id=/subscriptions/8d8422a3-a9c1-4fe9-b880-adcf61557c71/resourceGroups/PROTO-NOEU-SAPPROT-DEF/providers/Microsoft.Network/networkInterfaces/PROTO-NOEU-SAPPROT-DEF_defdhdb00l0cc3-db-nic/ipConfigurations/ipconfig1|/subscriptions/8d8422a3-a9c1-4fe9-b880-adcf61557c71/resourceGroups/PROTO-NOEU-SAPPROT-DEF/providers/Microsoft.Network/loadBalancers/PROTO-NOEU-SAPPROT-DEF_db-alb/backendAddressPools/PROTO-NOEU-SAPPROT-DEF_dbAlb-bePool][0m
[0m[1mmodule.hdb_node.azurerm_network_interface_backend_address_pool_association.hdb[1]: Refreshing state... [id=/subscriptions/8d8422a3-a9c1-4fe9-b880-adcf61557c71/resourceGroups/PROTO-NOEU-SAPPROT-DEF/providers/Microsoft.Network/networkInterfaces/PROTO-NOEU-SAPPROT-DEF_defdhdb01l0cc3-db-nic/ipConfigurations/ipconfig1|/subscriptions/8d8422a3-a9c1-4fe9-b880-adcf61557c71/resourceGroups/PROTO-NOEU-SAPPROT-DEF/providers/Microsoft.Network/loadBalancers/PROTO-NOEU-SAPPROT-DEF_db-alb/backendAddressPools/PROTO-NOEU-SAPPROT-DEF_dbAlb-bePool][0m
[0m[1mmodule.output_files.local_file.output_json: Refreshing state... [id=58ddfda0caca10c919fa2ad2edd9579eb358889b][0m
[0m[1mmodule.output_files.local_file.ansible_inventory: Refreshing state... [id=50bfdd138e0e53dbec72d8caab3f390bc399ec2f][0m
[0m[1mmodule.hdb_node.azurerm_lb_rule.hdb[1]: Refreshing state... [id=/subscriptions/8d8422a3-a9c1-4fe9-b880-adcf61557c71/resourceGroups/PROTO-NOEU-SAPPROT-DEF/providers/Microsoft.Network/loadBalancers/PROTO-NOEU-SAPPROT-DEF_db-alb/loadBalancingRules/PROTO-NOEU-SAPPROT-DEF_dbAlb-rule_30114-01][0m
[0m[1mmodule.hdb_node.azurerm_lb_rule.hdb[2]: Refreshing state... [id=/subscriptions/8d8422a3-a9c1-4fe9-b880-adcf61557c71/resourceGroups/PROTO-NOEU-SAPPROT-DEF/providers/Microsoft.Network/loadBalancers/PROTO-NOEU-SAPPROT-DEF_db-alb/loadBalancingRules/PROTO-NOEU-SAPPROT-DEF_dbAlb-rule_30115-02][0m
[0m[1mmodule.hdb_node.azurerm_lb_rule.hdb[3]: Refreshing state... [id=/subscriptions/8d8422a3-a9c1-4fe9-b880-adcf61557c71/resourceGroups/PROTO-NOEU-SAPPROT-DEF/providers/Microsoft.Network/loadBalancers/PROTO-NOEU-SAPPROT-DEF_db-alb/loadBalancingRules/PROTO-NOEU-SAPPROT-DEF_dbAlb-rule_30140-03][0m
[0m[1mmodule.hdb_node.azurerm_lb_rule.hdb[0]: Refreshing state... [id=/subscriptions/8d8422a3-a9c1-4fe9-b880-adcf61557c71/resourceGroups/PROTO-NOEU-SAPPROT-DEF/providers/Microsoft.Network/loadBalancers/PROTO-NOEU-SAPPROT-DEF_db-alb/loadBalancingRules/PROTO-NOEU-SAPPROT-DEF_dbAlb-rule_30113-00][0m
[0m[1mmodule.hdb_node.azurerm_lb_rule.hdb[4]: Refreshing state... [id=/subscriptions/8d8422a3-a9c1-4fe9-b880-adcf61557c71/resourceGroups/PROTO-NOEU-SAPPROT-DEF/providers/Microsoft.Network/loadBalancers/PROTO-NOEU-SAPPROT-DEF_db-alb/loadBalancingRules/PROTO-NOEU-SAPPROT-DEF_dbAlb-rule_30141-04][0m
[0m[1mmodule.hdb_node.azurerm_lb_rule.hdb[5]: Refreshing state... [id=/subscriptions/8d8422a3-a9c1-4fe9-b880-adcf61557c71/resourceGroups/PROTO-NOEU-SAPPROT-DEF/providers/Microsoft.Network/loadBalancers/PROTO-NOEU-SAPPROT-DEF_db-alb/loadBalancingRules/PROTO-NOEU-SAPPROT-DEF_dbAlb-rule_30142-05][0m
[0m[1mmodule.app_tier.azurerm_linux_virtual_machine.app[0]: Refreshing state... [id=/subscriptions/8d8422a3-a9c1-4fe9-b880-adcf61557c71/resourceGroups/PROTO-NOEU-SAPPROT-DEF/providers/Microsoft.Compute/virtualMachines/PROTO-NOEU-SAPPROT-DEF_defapp00lcc3][0m
[0m[1mmodule.app_tier.azurerm_linux_virtual_machine.scs[0]: Refreshing state... [id=/subscriptions/8d8422a3-a9c1-4fe9-b880-adcf61557c71/resourceGroups/PROTO-NOEU-SAPPROT-DEF/providers/Microsoft.Compute/virtualMachines/PROTO-NOEU-SAPPROT-DEF_defscs00lcc3][0m
[0m[1mmodule.app_tier.azurerm_linux_virtual_machine.scs[1]: Refreshing state... [id=/subscriptions/8d8422a3-a9c1-4fe9-b880-adcf61557c71/resourceGroups/PROTO-NOEU-SAPPROT-DEF/providers/Microsoft.Compute/virtualMachines/PROTO-NOEU-SAPPROT-DEF_defscs01lcc3][0m
[0m[1mmodule.app_tier.azurerm_linux_virtual_machine.web[0]: Refreshing state... [id=/subscriptions/8d8422a3-a9c1-4fe9-b880-adcf61557c71/resourceGroups/PROTO-NOEU-SAPPROT-DEF/providers/Microsoft.Compute/virtualMachines/PROTO-NOEU-SAPPROT-DEF_defweb00lcc3][0m
[0m[1mmodule.app_tier.azurerm_managed_disk.app[0]: Refreshing state... [id=/subscriptions/8d8422a3-a9c1-4fe9-b880-adcf61557c71/resourceGroups/PROTO-NOEU-SAPPROT-DEF/providers/Microsoft.Compute/disks/PROTO-NOEU-SAPPROT-DEF_defapp00lcc3-data00][0m
[0m[1mmodule.app_tier.azurerm_managed_disk.web[0]: Refreshing state... [id=/subscriptions/8d8422a3-a9c1-4fe9-b880-adcf61557c71/resourceGroups/PROTO-NOEU-SAPPROT-DEF/providers/Microsoft.Compute/disks/PROTO-NOEU-SAPPROT-DEF_defweb00lcc3-data00][0m
[0m[1mmodule.app_tier.azurerm_managed_disk.scs[1]: Refreshing state... [id=/subscriptions/8d8422a3-a9c1-4fe9-b880-adcf61557c71/resourceGroups/PROTO-NOEU-SAPPROT-DEF/providers/Microsoft.Compute/disks/PROTO-NOEU-SAPPROT-DEF_defscs01lcc3-data00][0m
[0m[1mmodule.app_tier.azurerm_managed_disk.scs[0]: Refreshing state... [id=/subscriptions/8d8422a3-a9c1-4fe9-b880-adcf61557c71/resourceGroups/PROTO-NOEU-SAPPROT-DEF/providers/Microsoft.Compute/disks/PROTO-NOEU-SAPPROT-DEF_defscs00lcc3-data00][0m
[0m[1mmodule.app_tier.azurerm_virtual_machine_data_disk_attachment.app[0]: Refreshing state... [id=/subscriptions/8d8422a3-a9c1-4fe9-b880-adcf61557c71/resourceGroups/PROTO-NOEU-SAPPROT-DEF/providers/Microsoft.Compute/virtualMachines/PROTO-NOEU-SAPPROT-DEF_defapp00lcc3/dataDisks/PROTO-NOEU-SAPPROT-DEF_defapp00lcc3-data00][0m
[0m[1mmodule.app_tier.azurerm_virtual_machine_data_disk_attachment.web[0]: Refreshing state... [id=/subscriptions/8d8422a3-a9c1-4fe9-b880-adcf61557c71/resourceGroups/PROTO-NOEU-SAPPROT-DEF/providers/Microsoft.Compute/virtualMachines/PROTO-NOEU-SAPPROT-DEF_defweb00lcc3/dataDisks/PROTO-NOEU-SAPPROT-DEF_defweb00lcc3-data00][0m
[0m[1mmodule.app_tier.azurerm_virtual_machine_data_disk_attachment.scs[0]: Refreshing state... [id=/subscriptions/8d8422a3-a9c1-4fe9-b880-adcf61557c71/resourceGroups/PROTO-NOEU-SAPPROT-DEF/providers/Microsoft.Compute/virtualMachines/PROTO-NOEU-SAPPROT-DEF_defscs00lcc3/dataDisks/PROTO-NOEU-SAPPROT-DEF_defscs00lcc3-data00][0m
[0m[1mmodule.app_tier.azurerm_virtual_machine_data_disk_attachment.scs[1]: Refreshing state... [id=/subscriptions/8d8422a3-a9c1-4fe9-b880-adcf61557c71/resourceGroups/PROTO-NOEU-SAPPROT-DEF/providers/Microsoft.Compute/virtualMachines/PROTO-NOEU-SAPPROT-DEF_defscs01lcc3/dataDisks/PROTO-NOEU-SAPPROT-DEF_defscs01lcc3-data00][0m

[0m[1m[32mNo changes. Infrastructure is up-to-date.[0m[32m

This means that Terraform did not detect any differences between your
configuration and real physical resources that exist. As a result, no
actions need to be performed.[0m
