2021/04/17 11:24:13 [INFO] Terraform version: 0.14.6  
2021/04/17 11:24:13 [INFO] Go runtime version: go1.15.6
2021/04/17 11:24:13 [INFO] CLI args: []string{"terraform", "-chdir=/home/kimforss/Azure_SAP_Automated_Deployment/sap-hana/deploy/terraform/bootstrap/sap_library/", "plan", "-no-color", "-var-file=/home/kimforss/Azure_SAP_Automated_Deployment/WORKSPACES/DEPLOYMENT-ORCHESTRATION/LIBRARY/MGMT-WEEU-SAP_LIBRARY/MGMT-WEEU-SAP_LIBRARY.json", "-var", "deployer_statefile_foldername=/home/kimforss/Azure_SAP_Automated_Deployment/WORKSPACES/DEPLOYMENT-ORCHESTRATION/DEPLOYER/MGMT-WEEU-DEP00-INFRASTRUCTURE"}
2021/04/17 11:24:13 [DEBUG] Attempting to open CLI config file: /home/kimforss/.terraformrc
2021/04/17 11:24:13 [DEBUG] File doesn't exist, but doesn't need to. Ignoring.
2021/04/17 11:24:13 [DEBUG] ignoring non-existing provider search directory terraform.d/plugins
2021/04/17 11:24:13 [DEBUG] ignoring non-existing provider search directory /home/kimforss/.terraform.d/plugins
2021/04/17 11:24:13 [DEBUG] ignoring non-existing provider search directory /home/kimforss/.local/share/terraform/plugins
2021/04/17 11:24:13 [DEBUG] ignoring non-existing provider search directory /usr/local/share/terraform/plugins
2021/04/17 11:24:13 [DEBUG] ignoring non-existing provider search directory /usr/share/terraform/plugins
2021/04/17 11:24:13 [DEBUG] ignoring non-existing provider search directory /var/lib/snapd/desktop/terraform/plugins
2021/04/17 11:24:13 [INFO] CLI command args: []string{"plan", "-no-color", "-var-file=/home/kimforss/Azure_SAP_Automated_Deployment/WORKSPACES/DEPLOYMENT-ORCHESTRATION/LIBRARY/MGMT-WEEU-SAP_LIBRARY/MGMT-WEEU-SAP_LIBRARY.json", "-var", "deployer_statefile_foldername=/home/kimforss/Azure_SAP_Automated_Deployment/WORKSPACES/DEPLOYMENT-ORCHESTRATION/DEPLOYER/MGMT-WEEU-DEP00-INFRASTRUCTURE"}
2021/04/17 11:24:13 [TRACE] Meta.Backend: built configuration for "local" backend with hash value 666019178
2021/04/17 11:24:13 [TRACE] Preserving existing state lineage "5898a72b-fce3-0647-2f2e-991306354e19"
2021/04/17 11:24:13 [TRACE] Preserving existing state lineage "5898a72b-fce3-0647-2f2e-991306354e19"
2021/04/17 11:24:13 [TRACE] Meta.Backend: working directory was previously initialized for "local" backend
2021/04/17 11:24:13 [TRACE] Meta.Backend: using already-initialized, unchanged "local" backend configuration
2021/04/17 11:24:13 [TRACE] Meta.Backend: instantiated backend of type *local.Local
2021/04/17 11:24:13 [TRACE] providercache.fillMetaCache: scanning directory /home/kimforss/Azure_SAP_Automated_Deployment/WORKSPACES/DEPLOYMENT-ORCHESTRATION/LIBRARY/MGMT-WEEU-SAP_LIBRARY/.terraform/providers
2021/04/17 11:24:13 [TRACE] getproviders.SearchLocalDirectory: failed to resolve symlinks for /home/kimforss/Azure_SAP_Automated_Deployment/WORKSPACES/DEPLOYMENT-ORCHESTRATION/LIBRARY/MGMT-WEEU-SAP_LIBRARY/.terraform/providers: lstat /home/kimforss/Azure_SAP_Automated_Deployment/WORKSPACES/DEPLOYMENT-ORCHESTRATION/LIBRARY/MGMT-WEEU-SAP_LIBRARY/.terraform/providers: no such file or directory
2021/04/17 11:24:13 [TRACE] providercache.fillMetaCache: error while scanning directory /home/kimforss/Azure_SAP_Automated_Deployment/WORKSPACES/DEPLOYMENT-ORCHESTRATION/LIBRARY/MGMT-WEEU-SAP_LIBRARY/.terraform/providers: cannot search /home/kimforss/Azure_SAP_Automated_Deployment/WORKSPACES/DEPLOYMENT-ORCHESTRATION/LIBRARY/MGMT-WEEU-SAP_LIBRARY/.terraform/providers: lstat /home/kimforss/Azure_SAP_Automated_Deployment/WORKSPACES/DEPLOYMENT-ORCHESTRATION/LIBRARY/MGMT-WEEU-SAP_LIBRARY/.terraform/providers: no such file or directory
2021/04/17 11:24:13 [TRACE] providercache.fillMetaCache: scanning directory /home/kimforss/Azure_SAP_Automated_Deployment/WORKSPACES/DEPLOYMENT-ORCHESTRATION/LIBRARY/MGMT-WEEU-SAP_LIBRARY/.terraform/providers
2021/04/17 11:24:13 [TRACE] getproviders.SearchLocalDirectory: failed to resolve symlinks for /home/kimforss/Azure_SAP_Automated_Deployment/WORKSPACES/DEPLOYMENT-ORCHESTRATION/LIBRARY/MGMT-WEEU-SAP_LIBRARY/.terraform/providers: lstat /home/kimforss/Azure_SAP_Automated_Deployment/WORKSPACES/DEPLOYMENT-ORCHESTRATION/LIBRARY/MGMT-WEEU-SAP_LIBRARY/.terraform/providers: no such file or directory
2021/04/17 11:24:13 [TRACE] providercache.fillMetaCache: error while scanning directory /home/kimforss/Azure_SAP_Automated_Deployment/WORKSPACES/DEPLOYMENT-ORCHESTRATION/LIBRARY/MGMT-WEEU-SAP_LIBRARY/.terraform/providers: cannot search /home/kimforss/Azure_SAP_Automated_Deployment/WORKSPACES/DEPLOYMENT-ORCHESTRATION/LIBRARY/MGMT-WEEU-SAP_LIBRARY/.terraform/providers: lstat /home/kimforss/Azure_SAP_Automated_Deployment/WORKSPACES/DEPLOYMENT-ORCHESTRATION/LIBRARY/MGMT-WEEU-SAP_LIBRARY/.terraform/providers: no such file or directory
2021/04/17 11:24:13 [TRACE] providercache.fillMetaCache: scanning directory /home/kimforss/Azure_SAP_Automated_Deployment/WORKSPACES/DEPLOYMENT-ORCHESTRATION/LIBRARY/MGMT-WEEU-SAP_LIBRARY/.terraform/providers
2021/04/17 11:24:13 [TRACE] getproviders.SearchLocalDirectory: failed to resolve symlinks for /home/kimforss/Azure_SAP_Automated_Deployment/WORKSPACES/DEPLOYMENT-ORCHESTRATION/LIBRARY/MGMT-WEEU-SAP_LIBRARY/.terraform/providers: lstat /home/kimforss/Azure_SAP_Automated_Deployment/WORKSPACES/DEPLOYMENT-ORCHESTRATION/LIBRARY/MGMT-WEEU-SAP_LIBRARY/.terraform/providers: no such file or directory
2021/04/17 11:24:13 [TRACE] providercache.fillMetaCache: error while scanning directory /home/kimforss/Azure_SAP_Automated_Deployment/WORKSPACES/DEPLOYMENT-ORCHESTRATION/LIBRARY/MGMT-WEEU-SAP_LIBRARY/.terraform/providers: cannot search /home/kimforss/Azure_SAP_Automated_Deployment/WORKSPACES/DEPLOYMENT-ORCHESTRATION/LIBRARY/MGMT-WEEU-SAP_LIBRARY/.terraform/providers: lstat /home/kimforss/Azure_SAP_Automated_Deployment/WORKSPACES/DEPLOYMENT-ORCHESTRATION/LIBRARY/MGMT-WEEU-SAP_LIBRARY/.terraform/providers: no such file or directory
2021/04/17 11:24:13 [TRACE] providercache.fillMetaCache: scanning directory /home/kimforss/Azure_SAP_Automated_Deployment/WORKSPACES/DEPLOYMENT-ORCHESTRATION/LIBRARY/MGMT-WEEU-SAP_LIBRARY/.terraform/providers
2021/04/17 11:24:13 [TRACE] getproviders.SearchLocalDirectory: failed to resolve symlinks for /home/kimforss/Azure_SAP_Automated_Deployment/WORKSPACES/DEPLOYMENT-ORCHESTRATION/LIBRARY/MGMT-WEEU-SAP_LIBRARY/.terraform/providers: lstat /home/kimforss/Azure_SAP_Automated_Deployment/WORKSPACES/DEPLOYMENT-ORCHESTRATION/LIBRARY/MGMT-WEEU-SAP_LIBRARY/.terraform/providers: no such file or directory
2021/04/17 11:24:13 [TRACE] providercache.fillMetaCache: error while scanning directory /home/kimforss/Azure_SAP_Automated_Deployment/WORKSPACES/DEPLOYMENT-ORCHESTRATION/LIBRARY/MGMT-WEEU-SAP_LIBRARY/.terraform/providers: cannot search /home/kimforss/Azure_SAP_Automated_Deployment/WORKSPACES/DEPLOYMENT-ORCHESTRATION/LIBRARY/MGMT-WEEU-SAP_LIBRARY/.terraform/providers: lstat /home/kimforss/Azure_SAP_Automated_Deployment/WORKSPACES/DEPLOYMENT-ORCHESTRATION/LIBRARY/MGMT-WEEU-SAP_LIBRARY/.terraform/providers: no such file or directory
2021/04/17 11:24:13 [TRACE] providercache.fillMetaCache: scanning directory /home/kimforss/Azure_SAP_Automated_Deployment/WORKSPACES/DEPLOYMENT-ORCHESTRATION/LIBRARY/MGMT-WEEU-SAP_LIBRARY/.terraform/providers
2021/04/17 11:24:13 [TRACE] getproviders.SearchLocalDirectory: failed to resolve symlinks for /home/kimforss/Azure_SAP_Automated_Deployment/WORKSPACES/DEPLOYMENT-ORCHESTRATION/LIBRARY/MGMT-WEEU-SAP_LIBRARY/.terraform/providers: lstat /home/kimforss/Azure_SAP_Automated_Deployment/WORKSPACES/DEPLOYMENT-ORCHESTRATION/LIBRARY/MGMT-WEEU-SAP_LIBRARY/.terraform/providers: no such file or directory
2021/04/17 11:24:13 [TRACE] providercache.fillMetaCache: error while scanning directory /home/kimforss/Azure_SAP_Automated_Deployment/WORKSPACES/DEPLOYMENT-ORCHESTRATION/LIBRARY/MGMT-WEEU-SAP_LIBRARY/.terraform/providers: cannot search /home/kimforss/Azure_SAP_Automated_Deployment/WORKSPACES/DEPLOYMENT-ORCHESTRATION/LIBRARY/MGMT-WEEU-SAP_LIBRARY/.terraform/providers: lstat /home/kimforss/Azure_SAP_Automated_Deployment/WORKSPACES/DEPLOYMENT-ORCHESTRATION/LIBRARY/MGMT-WEEU-SAP_LIBRARY/.terraform/providers: no such file or directory
2021/04/17 11:24:13 [TRACE] providercache.fillMetaCache: scanning directory /home/kimforss/Azure_SAP_Automated_Deployment/WORKSPACES/DEPLOYMENT-ORCHESTRATION/LIBRARY/MGMT-WEEU-SAP_LIBRARY/.terraform/providers
2021/04/17 11:24:13 [TRACE] getproviders.SearchLocalDirectory: failed to resolve symlinks for /home/kimforss/Azure_SAP_Automated_Deployment/WORKSPACES/DEPLOYMENT-ORCHESTRATION/LIBRARY/MGMT-WEEU-SAP_LIBRARY/.terraform/providers: lstat /home/kimforss/Azure_SAP_Automated_Deployment/WORKSPACES/DEPLOYMENT-ORCHESTRATION/LIBRARY/MGMT-WEEU-SAP_LIBRARY/.terraform/providers: no such file or directory
2021/04/17 11:24:13 [TRACE] providercache.fillMetaCache: error while scanning directory /home/kimforss/Azure_SAP_Automated_Deployment/WORKSPACES/DEPLOYMENT-ORCHESTRATION/LIBRARY/MGMT-WEEU-SAP_LIBRARY/.terraform/providers: cannot search /home/kimforss/Azure_SAP_Automated_Deployment/WORKSPACES/DEPLOYMENT-ORCHESTRATION/LIBRARY/MGMT-WEEU-SAP_LIBRARY/.terraform/providers: lstat /home/kimforss/Azure_SAP_Automated_Deployment/WORKSPACES/DEPLOYMENT-ORCHESTRATION/LIBRARY/MGMT-WEEU-SAP_LIBRARY/.terraform/providers: no such file or directory
2021/04/17 11:24:13 [WARN] Failed to determine selected providers: 6 errors occurred:
	* there is no package for registry.terraform.io/hashicorp/external 2.1.0 cached in /home/kimforss/Azure_SAP_Automated_Deployment/WORKSPACES/DEPLOYMENT-ORCHESTRATION/LIBRARY/MGMT-WEEU-SAP_LIBRARY/.terraform/providers
	* there is no package for registry.terraform.io/hashicorp/local 2.1.0 cached in /home/kimforss/Azure_SAP_Automated_Deployment/WORKSPACES/DEPLOYMENT-ORCHESTRATION/LIBRARY/MGMT-WEEU-SAP_LIBRARY/.terraform/providers
	* there is no package for registry.terraform.io/hashicorp/null 3.1.0 cached in /home/kimforss/Azure_SAP_Automated_Deployment/WORKSPACES/DEPLOYMENT-ORCHESTRATION/LIBRARY/MGMT-WEEU-SAP_LIBRARY/.terraform/providers
	* there is no package for registry.terraform.io/hashicorp/random 3.1.0 cached in /home/kimforss/Azure_SAP_Automated_Deployment/WORKSPACES/DEPLOYMENT-ORCHESTRATION/LIBRARY/MGMT-WEEU-SAP_LIBRARY/.terraform/providers
	* there is no package for registry.terraform.io/hashicorp/azuread 1.4.0 cached in /home/kimforss/Azure_SAP_Automated_Deployment/WORKSPACES/DEPLOYMENT-ORCHESTRATION/LIBRARY/MGMT-WEEU-SAP_LIBRARY/.terraform/providers
	* there is no package for registry.terraform.io/hashicorp/azurerm 2.56.0 cached in /home/kimforss/Azure_SAP_Automated_Deployment/WORKSPACES/DEPLOYMENT-ORCHESTRATION/LIBRARY/MGMT-WEEU-SAP_LIBRARY/.terraform/providers

2021/04/17 11:24:13 [DEBUG] checking for provisioner in "."
2021/04/17 11:24:13 [DEBUG] checking for provisioner in "/usr/local/bin"
2021/04/17 11:24:13 [INFO] Failed to read plugin lock file /home/kimforss/Azure_SAP_Automated_Deployment/WORKSPACES/DEPLOYMENT-ORCHESTRATION/LIBRARY/MGMT-WEEU-SAP_LIBRARY/.terraform/plugins/linux_amd64/lock.json: open /home/kimforss/Azure_SAP_Automated_Deployment/WORKSPACES/DEPLOYMENT-ORCHESTRATION/LIBRARY/MGMT-WEEU-SAP_LIBRARY/.terraform/plugins/linux_amd64/lock.json: no such file or directory
2021/04/17 11:24:13 [TRACE] Meta.Backend: backend *local.Local supports operations
2021/04/17 11:24:13 [INFO] backend/local: starting Plan operation
2021/04/17 11:24:13 [TRACE] backend/local: requesting state manager for workspace "default"
2021/04/17 11:24:13 [TRACE] backend/local: state manager for workspace "default" will:
 - read initial snapshot from /home/kimforss/Azure_SAP_Automated_Deployment/WORKSPACES/DEPLOYMENT-ORCHESTRATION/LIBRARY/MGMT-WEEU-SAP_LIBRARY/terraform.tfstate
 - write new snapshots to /home/kimforss/Azure_SAP_Automated_Deployment/WORKSPACES/DEPLOYMENT-ORCHESTRATION/LIBRARY/MGMT-WEEU-SAP_LIBRARY/terraform.tfstate
 - create any backup at /home/kimforss/Azure_SAP_Automated_Deployment/WORKSPACES/DEPLOYMENT-ORCHESTRATION/LIBRARY/MGMT-WEEU-SAP_LIBRARY/terraform.tfstate.backup
2021/04/17 11:24:13 [TRACE] backend/local: requesting state lock for workspace "default"
2021/04/17 11:24:13 [TRACE] statemgr.Filesystem: preparing to manage state snapshots at /home/kimforss/Azure_SAP_Automated_Deployment/WORKSPACES/DEPLOYMENT-ORCHESTRATION/LIBRARY/MGMT-WEEU-SAP_LIBRARY/terraform.tfstate
2021/04/17 11:24:13 [TRACE] statemgr.Filesystem: no previously-stored snapshot exists
2021/04/17 11:24:13 [TRACE] statemgr.Filesystem: locking /home/kimforss/Azure_SAP_Automated_Deployment/WORKSPACES/DEPLOYMENT-ORCHESTRATION/LIBRARY/MGMT-WEEU-SAP_LIBRARY/terraform.tfstate using fcntl flock
2021/04/17 11:24:13 [TRACE] statemgr.Filesystem: writing lock metadata to /home/kimforss/Azure_SAP_Automated_Deployment/WORKSPACES/DEPLOYMENT-ORCHESTRATION/LIBRARY/MGMT-WEEU-SAP_LIBRARY/.terraform.tfstate.lock.info
2021/04/17 11:24:13 [TRACE] backend/local: reading remote state for workspace "default"
2021/04/17 11:24:13 [TRACE] statemgr.Filesystem: reading latest snapshot from /home/kimforss/Azure_SAP_Automated_Deployment/WORKSPACES/DEPLOYMENT-ORCHESTRATION/LIBRARY/MGMT-WEEU-SAP_LIBRARY/terraform.tfstate
2021/04/17 11:24:13 [TRACE] statemgr.Filesystem: snapshot file has nil snapshot, but that's okay
2021/04/17 11:24:13 [TRACE] statemgr.Filesystem: read nil snapshot
2021/04/17 11:24:13 [TRACE] backend/local: retrieving local state snapshot for workspace "default"
2021/04/17 11:24:13 [TRACE] backend/local: building context for current working directory
2021/04/17 11:24:13 [TRACE] terraform.NewContext: starting
2021/04/17 11:24:13 [TRACE] terraform.NewContext: loading provider schemas
2021/04/17 11:24:13 [TRACE] LoadSchemas: retrieving schema for provider type "registry.terraform.io/hashicorp/azuread"
2021/04/17 11:24:13 [TRACE] LoadSchemas: retrieving schema for provider type "registry.terraform.io/hashicorp/azurerm"
2021/04/17 11:24:13 [TRACE] LoadSchemas: retrieving schema for provider type "registry.terraform.io/hashicorp/external"
2021/04/17 11:24:13 [TRACE] LoadSchemas: retrieving schema for provider type "registry.terraform.io/hashicorp/local"
2021/04/17 11:24:13 [TRACE] LoadSchemas: retrieving schema for provider type "registry.terraform.io/hashicorp/null"
2021/04/17 11:24:13 [TRACE] LoadSchemas: retrieving schema for provider type "registry.terraform.io/hashicorp/random"
2021/04/17 11:24:13 [TRACE] LoadSchemas: retrieving schema for provider type "terraform.io/builtin/terraform"
2021/04/17 11:24:13 [TRACE] LoadSchemas: retrieving schema for provisioner "local-exec"
2021-04-17T11:24:13.673+0300 [DEBUG] plugin: starting plugin: path=/usr/local/bin/terraform args=[/usr/local/bin/terraform, internal-plugin, provisioner, local-exec]
2021-04-17T11:24:13.674+0300 [DEBUG] plugin: plugin started: path=/usr/local/bin/terraform pid=18129
2021-04-17T11:24:13.674+0300 [DEBUG] plugin: waiting for RPC address: path=/usr/local/bin/terraform
2021-04-17T11:24:13.763+0300 [DEBUG] plugin: using plugin: version=5
2021-04-17T11:24:13.764+0300 [TRACE] plugin.stdio: waiting for stdio data
2021-04-17T11:24:13.767+0300 [WARN]  plugin.stdio: received EOF, stopping recv loop: err="rpc error: code = Unavailable desc = transport is closing"
2021-04-17T11:24:13.772+0300 [DEBUG] plugin: plugin process exited: path=/usr/local/bin/terraform pid=18129
2021-04-17T11:24:13.780+0300 [DEBUG] plugin: plugin exited
2021/04/17 11:24:13 [TRACE] statemgr.Filesystem: removing lock metadata file /home/kimforss/Azure_SAP_Automated_Deployment/WORKSPACES/DEPLOYMENT-ORCHESTRATION/LIBRARY/MGMT-WEEU-SAP_LIBRARY/.terraform.tfstate.lock.info
2021/04/17 11:24:13 [TRACE] statemgr.Filesystem: unlocking /home/kimforss/Azure_SAP_Automated_Deployment/WORKSPACES/DEPLOYMENT-ORCHESTRATION/LIBRARY/MGMT-WEEU-SAP_LIBRARY/terraform.tfstate using fcntl flock
e:
Error: Could not load plugin


Plugin reinitialization required. Please run "terraform init".

Plugins are external binaries that Terraform uses to access and manipulate
resources. The configuration provided requires plugins which can't be located,
don't satisfy the version constraints, or are otherwise incompatible.

Terraform automatically discovers provider requirements from your
configuration, including providers used in child modules. To see the
requirements and constraints, run "terraform providers".

6 problems:

- Failed to instantiate provider "registry.terraform.io/hashicorp/azuread" to
obtain schema: there is no package for registry.terraform.io/hashicorp/azuread
1.4.0 cached in
/home/kimforss/Azure_SAP_Automated_Deployment/WORKSPACES/DEPLOYMENT-ORCHESTRATION/LIBRARY/MGMT-WEEU-SAP_LIBRARY/.terraform/providers
- Failed to instantiate provider "registry.terraform.io/hashicorp/azurerm" to
obtain schema: there is no package for registry.terraform.io/hashicorp/azurerm
2.56.0 cached in
/home/kimforss/Azure_SAP_Automated_Deployment/WORKSPACES/DEPLOYMENT-ORCHESTRATION/LIBRARY/MGMT-WEEU-SAP_LIBRARY/.terraform/providers
- Failed to instantiate provider "registry.terraform.io/hashicorp/external" to
obtain schema: there is no package for
registry.terraform.io/hashicorp/external 2.1.0 cached in
/home/kimforss/Azure_SAP_Automated_Deployment/WORKSPACES/DEPLOYMENT-ORCHESTRATION/LIBRARY/MGMT-WEEU-SAP_LIBRARY/.terraform/providers
- Failed to instantiate provider "registry.terraform.io/hashicorp/local" to
obtain schema: there is no package for registry.terraform.io/hashicorp/local
2.1.0 cached in
/home/kimforss/Azure_SAP_Automated_Deployment/WORKSPACES/DEPLOYMENT-ORCHESTRATION/LIBRARY/MGMT-WEEU-SAP_LIBRARY/.terraform/providers
- Failed to instantiate provider "registry.terraform.io/hashicorp/null" to
obtain schema: there is no package for registry.terraform.io/hashicorp/null
3.1.0 cached in
/home/kimforss/Azure_SAP_Automated_Deployment/WORKSPACES/DEPLOYMENT-ORCHESTRATION/LIBRARY/MGMT-WEEU-SAP_LIBRARY/.terraform/providers
- Failed to instantiate provider "registry.terraform.io/hashicorp/random" to
obtain schema: there is no package for registry.terraform.io/hashicorp/random
3.1.0 cached in
/home/kimforss/Azure_SAP_Automated_Deployment/WORKSPACES/DEPLOYMENT-ORCHESTRATION/LIBRARY/MGMT-WEEU-SAP_LIBRARY/.terraform/providers


